<?xml version="1.0" encoding="UTF-8"?>
<!-- Generated by org.testng.reporters.JUnitXMLReporter -->
<testsuite hostname="HISPLs-Mac-mini-2.local" failures="0" tests="4" name="Test" time="365.103" errors="0" timestamp="29 Aug 2024 11:39:38 GMT">
  <testcase classname="userRegistrationTest.SubDomainsTest" name="aus" time="77.474"/>
  <testcase classname="userRegistrationTest.SubDomainsTest" name="ca" time="74.932"/>
  <testcase classname="userRegistrationTest.SubDomainsTest" name="uk" time="72.852"/>
  <testcase classname="userRegistrationTest.SubDomainsTest" name="usa" time="81.43"/>
</testsuite> <!-- Test -->
