<?xml version="1.0" encoding="UTF-8"?>
<!-- Generated by org.testng.reporters.JUnitXMLReporter -->
<testsuite hostname="HISPLs-Mac-mini-2.local" failures="0" tests="46" name="FirefoxTest" time="2.107" errors="0" timestamp="26 Aug 2024 10:16:46 GMT">
  <testcase classname="userRegistrationTest.UserReMenTest" name="@BeforeMethod landingPageUrl" time="0.0">
    <failure type="org.openqa.selenium.SessionNotCreatedException" message="Could not start a new session. Response code 500. Message: unknown error: cannot find msedge binary 
Host info: host: &amp;apos;HISPLs-Mac-mini-2.local&amp;apos;, ip: &amp;apos;fe80:0:0:0:4e5:6049:f1ce:9632%en0&amp;apos;
Build info: version: &amp;apos;4.15.0&amp;apos;, revision: &amp;apos;1d14b5521b&amp;apos;
System info: os.name: &amp;apos;Mac OS X&amp;apos;, os.arch: &amp;apos;aarch64&amp;apos;, os.version: &amp;apos;14.6.1&amp;apos;, java.version: &amp;apos;17.0.11&amp;apos;
Driver info: org.openqa.selenium.edge.EdgeDriver
Command: [null, newSession {capabilities=[Capabilities {browserName: MicrosoftEdge, ms:edgeOptions: {args: [-inprivate], extensions: []}}]}]">
      <![CDATA[org.openqa.selenium.SessionNotCreatedException: Could not start a new session. Response code 500. Message: unknown error: cannot find msedge binary 
Host info: host: 'HISPLs-Mac-mini-2.local', ip: 'fe80:0:0:0:4e5:6049:f1ce:9632%en0'
Build info: version: '4.15.0', revision: '1d14b5521b'
System info: os.name: 'Mac OS X', os.arch: 'aarch64', os.version: '14.6.1', java.version: '17.0.11'
Driver info: org.openqa.selenium.edge.EdgeDriver
Command: [null, newSession {capabilities=[Capabilities {browserName: MicrosoftEdge, ms:edgeOptions: {args: [-inprivate], extensions: []}}]}]
	at org.openqa.selenium.remote.ProtocolHandshake.createSession(ProtocolHandshake.java:140)
	at org.openqa.selenium.remote.ProtocolHandshake.createSession(ProtocolHandshake.java:96)
	at org.openqa.selenium.remote.ProtocolHandshake.createSession(ProtocolHandshake.java:68)
	at org.openqa.selenium.remote.HttpCommandExecutor.execute(HttpCommandExecutor.java:163)
	at org.openqa.selenium.remote.service.DriverCommandExecutor.invokeExecute(DriverCommandExecutor.java:200)
	at org.openqa.selenium.remote.service.DriverCommandExecutor.execute(DriverCommandExecutor.java:175)
	at org.openqa.selenium.remote.RemoteWebDriver.execute(RemoteWebDriver.java:607)
	at org.openqa.selenium.remote.RemoteWebDriver.startSession(RemoteWebDriver.java:241)
	at org.openqa.selenium.remote.RemoteWebDriver.<init>(RemoteWebDriver.java:168)
	at org.openqa.selenium.chromium.ChromiumDriver.<init>(ChromiumDriver.java:108)
	at org.openqa.selenium.edge.EdgeDriver.<init>(EdgeDriver.java:61)
	at org.openqa.selenium.edge.EdgeDriver.<init>(EdgeDriver.java:57)
	at org.openqa.selenium.edge.EdgeDriver.<init>(EdgeDriver.java:49)
	at baseComponent.BaseClass.browserInitilize(BaseClass.java:45)
	at baseComponent.BaseClass.landingPageUrl(BaseClass.java:70)
... Removed 26 stack frames]]>
    </failure>
  </testcase> <!-- @BeforeMethod landingPageUrl -->
  <testcase classname="userRegistrationTest.UserReMenTest" name="@AfterMethod tearDown" time="0.0">
    <failure type="java.lang.NullPointerException" message="Cannot invoke &amp;quot;org.openqa.selenium.WebDriver.manage()&amp;quot; because &amp;quot;this.driver&amp;quot; is null">
      <![CDATA[java.lang.NullPointerException: Cannot invoke "org.openqa.selenium.WebDriver.manage()" because "this.driver" is null
	at baseComponent.BaseClass.tearDown(BaseClass.java:78)
... Removed 25 stack frames]]>
    </failure>
  </testcase> <!-- @AfterMethod tearDown -->
  <testcase classname="userRegistrationTest.UserReMenTest" name="@BeforeMethod landingPageUrl" time="0.0">
    <skipped/>
  </testcase> <!-- @BeforeMethod landingPageUrl -->
  <testcase classname="userRegistrationTest.UserReMenTest" name="@AfterMethod tearDown" time="0.0">
    <failure type="java.lang.NullPointerException" message="Cannot invoke &amp;quot;org.openqa.selenium.WebDriver.manage()&amp;quot; because &amp;quot;this.driver&amp;quot; is null">
      <![CDATA[java.lang.NullPointerException: Cannot invoke "org.openqa.selenium.WebDriver.manage()" because "this.driver" is null
	at baseComponent.BaseClass.tearDown(BaseClass.java:78)
... Removed 25 stack frames]]>
    </failure>
  </testcase> <!-- @AfterMethod tearDown -->
  <testcase classname="userRegistrationTest.UserReMenTest" name="@BeforeMethod landingPageUrl" time="0.0">
    <skipped/>
  </testcase> <!-- @BeforeMethod landingPageUrl -->
  <testcase classname="userRegistrationTest.UserReMenTest" name="@AfterMethod tearDown" time="0.0">
    <failure type="java.lang.NullPointerException" message="Cannot invoke &amp;quot;org.openqa.selenium.WebDriver.manage()&amp;quot; because &amp;quot;this.driver&amp;quot; is null">
      <![CDATA[java.lang.NullPointerException: Cannot invoke "org.openqa.selenium.WebDriver.manage()" because "this.driver" is null
	at baseComponent.BaseClass.tearDown(BaseClass.java:78)
... Removed 25 stack frames]]>
    </failure>
  </testcase> <!-- @AfterMethod tearDown -->
  <testcase classname="userRegistrationTest.UserReMenTest" name="@BeforeMethod landingPageUrl" time="0.0">
    <skipped/>
  </testcase> <!-- @BeforeMethod landingPageUrl -->
  <testcase classname="userRegistrationTest.UserReMenTest" name="@AfterMethod tearDown" time="0.0">
    <failure type="java.lang.NullPointerException" message="Cannot invoke &amp;quot;org.openqa.selenium.WebDriver.manage()&amp;quot; because &amp;quot;this.driver&amp;quot; is null">
      <![CDATA[java.lang.NullPointerException: Cannot invoke "org.openqa.selenium.WebDriver.manage()" because "this.driver" is null
	at baseComponent.BaseClass.tearDown(BaseClass.java:78)
... Removed 25 stack frames]]>
    </failure>
  </testcase> <!-- @AfterMethod tearDown -->
  <testcase classname="userRegistrationTest.UserReMenTest" name="@BeforeMethod landingPageUrl" time="0.0">
    <skipped/>
  </testcase> <!-- @BeforeMethod landingPageUrl -->
  <testcase classname="userRegistrationTest.UserReMenTest" name="@AfterMethod tearDown" time="0.0">
    <failure type="java.lang.NullPointerException" message="Cannot invoke &amp;quot;org.openqa.selenium.WebDriver.manage()&amp;quot; because &amp;quot;this.driver&amp;quot; is null">
      <![CDATA[java.lang.NullPointerException: Cannot invoke "org.openqa.selenium.WebDriver.manage()" because "this.driver" is null
	at baseComponent.BaseClass.tearDown(BaseClass.java:78)
... Removed 25 stack frames]]>
    </failure>
  </testcase> <!-- @AfterMethod tearDown -->
  <testcase classname="userRegistrationTest.UserReMenTest" name="@BeforeMethod landingPageUrl" time="0.0">
    <skipped/>
  </testcase> <!-- @BeforeMethod landingPageUrl -->
  <testcase classname="userRegistrationTest.UserReMenTest" name="@AfterMethod tearDown" time="0.0">
    <failure type="java.lang.NullPointerException" message="Cannot invoke &amp;quot;org.openqa.selenium.WebDriver.manage()&amp;quot; because &amp;quot;this.driver&amp;quot; is null">
      <![CDATA[java.lang.NullPointerException: Cannot invoke "org.openqa.selenium.WebDriver.manage()" because "this.driver" is null
	at baseComponent.BaseClass.tearDown(BaseClass.java:78)
... Removed 25 stack frames]]>
    </failure>
  </testcase> <!-- @AfterMethod tearDown -->
  <testcase classname="userRegistrationTest.UserReMenTest" name="@BeforeMethod landingPageUrl" time="0.0">
    <skipped/>
  </testcase> <!-- @BeforeMethod landingPageUrl -->
  <testcase classname="userRegistrationTest.UserReMenTest" name="@AfterMethod tearDown" time="0.0">
    <failure type="java.lang.NullPointerException" message="Cannot invoke &amp;quot;org.openqa.selenium.WebDriver.manage()&amp;quot; because &amp;quot;this.driver&amp;quot; is null">
      <![CDATA[java.lang.NullPointerException: Cannot invoke "org.openqa.selenium.WebDriver.manage()" because "this.driver" is null
	at baseComponent.BaseClass.tearDown(BaseClass.java:78)
... Removed 25 stack frames]]>
    </failure>
  </testcase> <!-- @AfterMethod tearDown -->
  <testcase classname="userRegistrationTest.UserReWomenTest" name="@BeforeMethod landingPageUrl" time="0.0">
    <skipped/>
  </testcase> <!-- @BeforeMethod landingPageUrl -->
  <testcase classname="userRegistrationTest.UserReWomenTest" name="@AfterMethod tearDown" time="0.0">
    <failure type="java.lang.NullPointerException" message="Cannot invoke &amp;quot;org.openqa.selenium.WebDriver.manage()&amp;quot; because &amp;quot;this.driver&amp;quot; is null">
      <![CDATA[java.lang.NullPointerException: Cannot invoke "org.openqa.selenium.WebDriver.manage()" because "this.driver" is null
	at baseComponent.BaseClass.tearDown(BaseClass.java:78)
... Removed 25 stack frames]]>
    </failure>
  </testcase> <!-- @AfterMethod tearDown -->
  <testcase classname="userRegistrationTest.UserReWomenTest" name="@BeforeMethod landingPageUrl" time="0.0">
    <skipped/>
  </testcase> <!-- @BeforeMethod landingPageUrl -->
  <testcase classname="userRegistrationTest.UserReWomenTest" name="@AfterMethod tearDown" time="0.0">
    <failure type="java.lang.NullPointerException" message="Cannot invoke &amp;quot;org.openqa.selenium.WebDriver.manage()&amp;quot; because &amp;quot;this.driver&amp;quot; is null">
      <![CDATA[java.lang.NullPointerException: Cannot invoke "org.openqa.selenium.WebDriver.manage()" because "this.driver" is null
	at baseComponent.BaseClass.tearDown(BaseClass.java:78)
... Removed 25 stack frames]]>
    </failure>
  </testcase> <!-- @AfterMethod tearDown -->
  <testcase classname="userRegistrationTest.UserReWomenTest" name="@BeforeMethod landingPageUrl" time="0.0">
    <skipped/>
  </testcase> <!-- @BeforeMethod landingPageUrl -->
  <testcase classname="userRegistrationTest.UserReWomenTest" name="@AfterMethod tearDown" time="0.0">
    <failure type="java.lang.NullPointerException" message="Cannot invoke &amp;quot;org.openqa.selenium.WebDriver.manage()&amp;quot; because &amp;quot;this.driver&amp;quot; is null">
      <![CDATA[java.lang.NullPointerException: Cannot invoke "org.openqa.selenium.WebDriver.manage()" because "this.driver" is null
	at baseComponent.BaseClass.tearDown(BaseClass.java:78)
... Removed 25 stack frames]]>
    </failure>
  </testcase> <!-- @AfterMethod tearDown -->
  <testcase classname="userRegistrationTest.UserReWomenTest" name="@BeforeMethod landingPageUrl" time="0.0">
    <skipped/>
  </testcase> <!-- @BeforeMethod landingPageUrl -->
  <testcase classname="userRegistrationTest.UserReWomenTest" name="@AfterMethod tearDown" time="0.0">
    <failure type="java.lang.NullPointerException" message="Cannot invoke &amp;quot;org.openqa.selenium.WebDriver.manage()&amp;quot; because &amp;quot;this.driver&amp;quot; is null">
      <![CDATA[java.lang.NullPointerException: Cannot invoke "org.openqa.selenium.WebDriver.manage()" because "this.driver" is null
	at baseComponent.BaseClass.tearDown(BaseClass.java:78)
... Removed 25 stack frames]]>
    </failure>
  </testcase> <!-- @AfterMethod tearDown -->
  <testcase classname="userRegistrationTest.UserReWomenTest" name="@BeforeMethod landingPageUrl" time="0.0">
    <skipped/>
  </testcase> <!-- @BeforeMethod landingPageUrl -->
  <testcase classname="userRegistrationTest.UserReWomenTest" name="@AfterMethod tearDown" time="0.0">
    <failure type="java.lang.NullPointerException" message="Cannot invoke &amp;quot;org.openqa.selenium.WebDriver.manage()&amp;quot; because &amp;quot;this.driver&amp;quot; is null">
      <![CDATA[java.lang.NullPointerException: Cannot invoke "org.openqa.selenium.WebDriver.manage()" because "this.driver" is null
	at baseComponent.BaseClass.tearDown(BaseClass.java:78)
... Removed 25 stack frames]]>
    </failure>
  </testcase> <!-- @AfterMethod tearDown -->
  <testcase classname="userRegistrationTest.UserReWomenTest" name="@BeforeMethod landingPageUrl" time="0.0">
    <skipped/>
  </testcase> <!-- @BeforeMethod landingPageUrl -->
  <testcase classname="userRegistrationTest.UserReWomenTest" name="@AfterMethod tearDown" time="0.0">
    <failure type="java.lang.NullPointerException" message="Cannot invoke &amp;quot;org.openqa.selenium.WebDriver.manage()&amp;quot; because &amp;quot;this.driver&amp;quot; is null">
      <![CDATA[java.lang.NullPointerException: Cannot invoke "org.openqa.selenium.WebDriver.manage()" because "this.driver" is null
	at baseComponent.BaseClass.tearDown(BaseClass.java:78)
... Removed 25 stack frames]]>
    </failure>
  </testcase> <!-- @AfterMethod tearDown -->
  <testcase classname="userRegistrationTest.UserReWomenTest" name="@BeforeMethod landingPageUrl" time="0.0">
    <skipped/>
  </testcase> <!-- @BeforeMethod landingPageUrl -->
  <testcase classname="userRegistrationTest.UserReWomenTest" name="@AfterMethod tearDown" time="0.0">
    <failure type="java.lang.NullPointerException" message="Cannot invoke &amp;quot;org.openqa.selenium.WebDriver.manage()&amp;quot; because &amp;quot;this.driver&amp;quot; is null">
      <![CDATA[java.lang.NullPointerException: Cannot invoke "org.openqa.selenium.WebDriver.manage()" because "this.driver" is null
	at baseComponent.BaseClass.tearDown(BaseClass.java:78)
... Removed 25 stack frames]]>
    </failure>
  </testcase> <!-- @AfterMethod tearDown -->
  <testcase classname="userRegistrationTest.UserReMenTest" name="@BeforeMethod landingPageUrl" time="0.0">
    <skipped/>
  </testcase> <!-- @BeforeMethod landingPageUrl -->
  <testcase classname="userRegistrationTest.UserReMenTest" name="@AfterMethod tearDown" time="0.0">
    <failure type="java.lang.NullPointerException" message="Cannot invoke &amp;quot;org.openqa.selenium.WebDriver.manage()&amp;quot; because &amp;quot;this.driver&amp;quot; is null">
      <![CDATA[java.lang.NullPointerException: Cannot invoke "org.openqa.selenium.WebDriver.manage()" because "this.driver" is null
	at baseComponent.BaseClass.tearDown(BaseClass.java:78)
... Removed 25 stack frames]]>
    </failure>
  </testcase> <!-- @AfterMethod tearDown -->
  <testcase classname="userRegistrationTest.UserReMenTest" name="@BeforeMethod landingPageUrl" time="0.0">
    <skipped/>
  </testcase> <!-- @BeforeMethod landingPageUrl -->
  <testcase classname="userRegistrationTest.UserReMenTest" name="@AfterMethod tearDown" time="0.0">
    <failure type="java.lang.NullPointerException" message="Cannot invoke &amp;quot;org.openqa.selenium.WebDriver.manage()&amp;quot; because &amp;quot;this.driver&amp;quot; is null">
      <![CDATA[java.lang.NullPointerException: Cannot invoke "org.openqa.selenium.WebDriver.manage()" because "this.driver" is null
	at baseComponent.BaseClass.tearDown(BaseClass.java:78)
... Removed 25 stack frames]]>
    </failure>
  </testcase> <!-- @AfterMethod tearDown -->
  <testcase classname="userRegistrationTest.UserReMenTest" name="@BeforeMethod landingPageUrl" time="0.0">
    <skipped/>
  </testcase> <!-- @BeforeMethod landingPageUrl -->
  <testcase classname="userRegistrationTest.UserReMenTest" name="@AfterMethod tearDown" time="0.0">
    <failure type="java.lang.NullPointerException" message="Cannot invoke &amp;quot;org.openqa.selenium.WebDriver.manage()&amp;quot; because &amp;quot;this.driver&amp;quot; is null">
      <![CDATA[java.lang.NullPointerException: Cannot invoke "org.openqa.selenium.WebDriver.manage()" because "this.driver" is null
	at baseComponent.BaseClass.tearDown(BaseClass.java:78)
... Removed 25 stack frames]]>
    </failure>
  </testcase> <!-- @AfterMethod tearDown -->
  <testcase classname="userRegistrationTest.UserReMenTest" name="@BeforeMethod landingPageUrl" time="0.0">
    <skipped/>
  </testcase> <!-- @BeforeMethod landingPageUrl -->
  <testcase classname="userRegistrationTest.UserReMenTest" name="@AfterMethod tearDown" time="0.0">
    <failure type="java.lang.NullPointerException" message="Cannot invoke &amp;quot;org.openqa.selenium.WebDriver.manage()&amp;quot; because &amp;quot;this.driver&amp;quot; is null">
      <![CDATA[java.lang.NullPointerException: Cannot invoke "org.openqa.selenium.WebDriver.manage()" because "this.driver" is null
	at baseComponent.BaseClass.tearDown(BaseClass.java:78)
... Removed 25 stack frames]]>
    </failure>
  </testcase> <!-- @AfterMethod tearDown -->
  <testcase classname="userRegistrationTest.UserReMenTest" name="@BeforeMethod landingPageUrl" time="0.0">
    <skipped/>
  </testcase> <!-- @BeforeMethod landingPageUrl -->
  <testcase classname="userRegistrationTest.UserReMenTest" name="@AfterMethod tearDown" time="0.0">
    <failure type="java.lang.NullPointerException" message="Cannot invoke &amp;quot;org.openqa.selenium.WebDriver.manage()&amp;quot; because &amp;quot;this.driver&amp;quot; is null">
      <![CDATA[java.lang.NullPointerException: Cannot invoke "org.openqa.selenium.WebDriver.manage()" because "this.driver" is null
	at baseComponent.BaseClass.tearDown(BaseClass.java:78)
... Removed 25 stack frames]]>
    </failure>
  </testcase> <!-- @AfterMethod tearDown -->
  <testcase classname="userRegistrationTest.UserReMenTest" name="@BeforeMethod landingPageUrl" time="0.0">
    <skipped/>
  </testcase> <!-- @BeforeMethod landingPageUrl -->
  <testcase classname="userRegistrationTest.UserReMenTest" name="@AfterMethod tearDown" time="0.0">
    <failure type="java.lang.NullPointerException" message="Cannot invoke &amp;quot;org.openqa.selenium.WebDriver.manage()&amp;quot; because &amp;quot;this.driver&amp;quot; is null">
      <![CDATA[java.lang.NullPointerException: Cannot invoke "org.openqa.selenium.WebDriver.manage()" because "this.driver" is null
	at baseComponent.BaseClass.tearDown(BaseClass.java:78)
... Removed 25 stack frames]]>
    </failure>
  </testcase> <!-- @AfterMethod tearDown -->
  <testcase classname="userRegistrationTest.UserReMenTest" name="@BeforeMethod landingPageUrl" time="0.0">
    <skipped/>
  </testcase> <!-- @BeforeMethod landingPageUrl -->
  <testcase classname="userRegistrationTest.UserReMenTest" name="@AfterMethod tearDown" time="0.0">
    <failure type="java.lang.NullPointerException" message="Cannot invoke &amp;quot;org.openqa.selenium.WebDriver.manage()&amp;quot; because &amp;quot;this.driver&amp;quot; is null">
      <![CDATA[java.lang.NullPointerException: Cannot invoke "org.openqa.selenium.WebDriver.manage()" because "this.driver" is null
	at baseComponent.BaseClass.tearDown(BaseClass.java:78)
... Removed 25 stack frames]]>
    </failure>
  </testcase> <!-- @AfterMethod tearDown -->
  <testcase classname="userRegistrationTest.UserReMenTest" name="@BeforeMethod landingPageUrl" time="0.0">
    <skipped/>
  </testcase> <!-- @BeforeMethod landingPageUrl -->
  <testcase classname="userRegistrationTest.UserReMenTest" name="@AfterMethod tearDown" time="0.0">
    <failure type="java.lang.NullPointerException" message="Cannot invoke &amp;quot;org.openqa.selenium.WebDriver.manage()&amp;quot; because &amp;quot;this.driver&amp;quot; is null">
      <![CDATA[java.lang.NullPointerException: Cannot invoke "org.openqa.selenium.WebDriver.manage()" because "this.driver" is null
	at baseComponent.BaseClass.tearDown(BaseClass.java:78)
... Removed 25 stack frames]]>
    </failure>
  </testcase> <!-- @AfterMethod tearDown -->
  <testcase classname="userRegistrationTest.UserReMenTest" name="@BeforeMethod landingPageUrl" time="0.0">
    <skipped/>
  </testcase> <!-- @BeforeMethod landingPageUrl -->
  <testcase classname="userRegistrationTest.UserReMenTest" name="@AfterMethod tearDown" time="0.0">
    <failure type="java.lang.NullPointerException" message="Cannot invoke &amp;quot;org.openqa.selenium.WebDriver.manage()&amp;quot; because &amp;quot;this.driver&amp;quot; is null">
      <![CDATA[java.lang.NullPointerException: Cannot invoke "org.openqa.selenium.WebDriver.manage()" because "this.driver" is null
	at baseComponent.BaseClass.tearDown(BaseClass.java:78)
... Removed 25 stack frames]]>
    </failure>
  </testcase> <!-- @AfterMethod tearDown -->
  <testcase classname="userRegistrationTest.UserReMenTest" name="@BeforeMethod landingPageUrl" time="0.0">
    <skipped/>
  </testcase> <!-- @BeforeMethod landingPageUrl -->
  <testcase classname="userRegistrationTest.UserReMenTest" name="@AfterMethod tearDown" time="0.0">
    <failure type="java.lang.NullPointerException" message="Cannot invoke &amp;quot;org.openqa.selenium.WebDriver.manage()&amp;quot; because &amp;quot;this.driver&amp;quot; is null">
      <![CDATA[java.lang.NullPointerException: Cannot invoke "org.openqa.selenium.WebDriver.manage()" because "this.driver" is null
	at baseComponent.BaseClass.tearDown(BaseClass.java:78)
... Removed 25 stack frames]]>
    </failure>
  </testcase> <!-- @AfterMethod tearDown -->
  <testcase classname="userRegistrationTest.UserReMenTest" name="@BeforeMethod landingPageUrl" time="0.0">
    <skipped/>
  </testcase> <!-- @BeforeMethod landingPageUrl -->
  <testcase classname="userRegistrationTest.UserReMenTest" name="@AfterMethod tearDown" time="0.0">
    <failure type="java.lang.NullPointerException" message="Cannot invoke &amp;quot;org.openqa.selenium.WebDriver.manage()&amp;quot; because &amp;quot;this.driver&amp;quot; is null">
      <![CDATA[java.lang.NullPointerException: Cannot invoke "org.openqa.selenium.WebDriver.manage()" because "this.driver" is null
	at baseComponent.BaseClass.tearDown(BaseClass.java:78)
... Removed 25 stack frames]]>
    </failure>
  </testcase> <!-- @AfterMethod tearDown -->
  <testcase classname="userRegistrationTest.UserReMenTest" name="@BeforeMethod landingPageUrl" time="0.0">
    <skipped/>
  </testcase> <!-- @BeforeMethod landingPageUrl -->
  <testcase classname="userRegistrationTest.UserReMenTest" name="@AfterMethod tearDown" time="0.0">
    <failure type="java.lang.NullPointerException" message="Cannot invoke &amp;quot;org.openqa.selenium.WebDriver.manage()&amp;quot; because &amp;quot;this.driver&amp;quot; is null">
      <![CDATA[java.lang.NullPointerException: Cannot invoke "org.openqa.selenium.WebDriver.manage()" because "this.driver" is null
	at baseComponent.BaseClass.tearDown(BaseClass.java:78)
... Removed 25 stack frames]]>
    </failure>
  </testcase> <!-- @AfterMethod tearDown -->
  <testcase classname="userRegistrationTest.UserReMenTest" name="@BeforeMethod landingPageUrl" time="0.0">
    <skipped/>
  </testcase> <!-- @BeforeMethod landingPageUrl -->
  <testcase classname="userRegistrationTest.UserReMenTest" name="@AfterMethod tearDown" time="0.0">
    <failure type="java.lang.NullPointerException" message="Cannot invoke &amp;quot;org.openqa.selenium.WebDriver.manage()&amp;quot; because &amp;quot;this.driver&amp;quot; is null">
      <![CDATA[java.lang.NullPointerException: Cannot invoke "org.openqa.selenium.WebDriver.manage()" because "this.driver" is null
	at baseComponent.BaseClass.tearDown(BaseClass.java:78)
... Removed 25 stack frames]]>
    </failure>
  </testcase> <!-- @AfterMethod tearDown -->
  <testcase classname="userRegistrationTest.UserReWomenTest" name="@BeforeMethod landingPageUrl" time="0.0">
    <skipped/>
  </testcase> <!-- @BeforeMethod landingPageUrl -->
  <testcase classname="userRegistrationTest.UserReWomenTest" name="@AfterMethod tearDown" time="0.0">
    <failure type="java.lang.NullPointerException" message="Cannot invoke &amp;quot;org.openqa.selenium.WebDriver.manage()&amp;quot; because &amp;quot;this.driver&amp;quot; is null">
      <![CDATA[java.lang.NullPointerException: Cannot invoke "org.openqa.selenium.WebDriver.manage()" because "this.driver" is null
	at baseComponent.BaseClass.tearDown(BaseClass.java:78)
... Removed 25 stack frames]]>
    </failure>
  </testcase> <!-- @AfterMethod tearDown -->
  <testcase classname="userRegistrationTest.UserReWomenTest" name="@BeforeMethod landingPageUrl" time="0.0">
    <skipped/>
  </testcase> <!-- @BeforeMethod landingPageUrl -->
  <testcase classname="userRegistrationTest.UserReWomenTest" name="@AfterMethod tearDown" time="0.0">
    <failure type="java.lang.NullPointerException" message="Cannot invoke &amp;quot;org.openqa.selenium.WebDriver.manage()&amp;quot; because &amp;quot;this.driver&amp;quot; is null">
      <![CDATA[java.lang.NullPointerException: Cannot invoke "org.openqa.selenium.WebDriver.manage()" because "this.driver" is null
	at baseComponent.BaseClass.tearDown(BaseClass.java:78)
... Removed 25 stack frames]]>
    </failure>
  </testcase> <!-- @AfterMethod tearDown -->
  <testcase classname="userRegistrationTest.UserReWomenTest" name="@BeforeMethod landingPageUrl" time="0.0">
    <skipped/>
  </testcase> <!-- @BeforeMethod landingPageUrl -->
  <testcase classname="userRegistrationTest.UserReWomenTest" name="@AfterMethod tearDown" time="0.0">
    <failure type="java.lang.NullPointerException" message="Cannot invoke &amp;quot;org.openqa.selenium.WebDriver.manage()&amp;quot; because &amp;quot;this.driver&amp;quot; is null">
      <![CDATA[java.lang.NullPointerException: Cannot invoke "org.openqa.selenium.WebDriver.manage()" because "this.driver" is null
	at baseComponent.BaseClass.tearDown(BaseClass.java:78)
... Removed 25 stack frames]]>
    </failure>
  </testcase> <!-- @AfterMethod tearDown -->
  <testcase classname="userRegistrationTest.UserReWomenTest" name="@BeforeMethod landingPageUrl" time="0.0">
    <skipped/>
  </testcase> <!-- @BeforeMethod landingPageUrl -->
  <testcase classname="userRegistrationTest.UserReWomenTest" name="@AfterMethod tearDown" time="0.0">
    <failure type="java.lang.NullPointerException" message="Cannot invoke &amp;quot;org.openqa.selenium.WebDriver.manage()&amp;quot; because &amp;quot;this.driver&amp;quot; is null">
      <![CDATA[java.lang.NullPointerException: Cannot invoke "org.openqa.selenium.WebDriver.manage()" because "this.driver" is null
	at baseComponent.BaseClass.tearDown(BaseClass.java:78)
... Removed 25 stack frames]]>
    </failure>
  </testcase> <!-- @AfterMethod tearDown -->
  <testcase classname="userRegistrationTest.UserReWomenTest" name="@BeforeMethod landingPageUrl" time="0.0">
    <skipped/>
  </testcase> <!-- @BeforeMethod landingPageUrl -->
  <testcase classname="userRegistrationTest.UserReWomenTest" name="@AfterMethod tearDown" time="0.0">
    <failure type="java.lang.NullPointerException" message="Cannot invoke &amp;quot;org.openqa.selenium.WebDriver.manage()&amp;quot; because &amp;quot;this.driver&amp;quot; is null">
      <![CDATA[java.lang.NullPointerException: Cannot invoke "org.openqa.selenium.WebDriver.manage()" because "this.driver" is null
	at baseComponent.BaseClass.tearDown(BaseClass.java:78)
... Removed 25 stack frames]]>
    </failure>
  </testcase> <!-- @AfterMethod tearDown -->
  <testcase classname="userRegistrationTest.UserReWomenTest" name="@BeforeMethod landingPageUrl" time="0.0">
    <skipped/>
  </testcase> <!-- @BeforeMethod landingPageUrl -->
  <testcase classname="userRegistrationTest.UserReWomenTest" name="@AfterMethod tearDown" time="0.0">
    <failure type="java.lang.NullPointerException" message="Cannot invoke &amp;quot;org.openqa.selenium.WebDriver.manage()&amp;quot; because &amp;quot;this.driver&amp;quot; is null">
      <![CDATA[java.lang.NullPointerException: Cannot invoke "org.openqa.selenium.WebDriver.manage()" because "this.driver" is null
	at baseComponent.BaseClass.tearDown(BaseClass.java:78)
... Removed 25 stack frames]]>
    </failure>
  </testcase> <!-- @AfterMethod tearDown -->
  <testcase classname="userRegistrationTest.UserReWomenTest" name="@BeforeMethod landingPageUrl" time="0.0">
    <skipped/>
  </testcase> <!-- @BeforeMethod landingPageUrl -->
  <testcase classname="userRegistrationTest.UserReWomenTest" name="@AfterMethod tearDown" time="0.0">
    <failure type="java.lang.NullPointerException" message="Cannot invoke &amp;quot;org.openqa.selenium.WebDriver.manage()&amp;quot; because &amp;quot;this.driver&amp;quot; is null">
      <![CDATA[java.lang.NullPointerException: Cannot invoke "org.openqa.selenium.WebDriver.manage()" because "this.driver" is null
	at baseComponent.BaseClass.tearDown(BaseClass.java:78)
... Removed 25 stack frames]]>
    </failure>
  </testcase> <!-- @AfterMethod tearDown -->
  <testcase classname="userRegistrationTest.UserReWomenTest" name="@BeforeMethod landingPageUrl" time="0.0">
    <skipped/>
  </testcase> <!-- @BeforeMethod landingPageUrl -->
  <testcase classname="userRegistrationTest.UserReWomenTest" name="@AfterMethod tearDown" time="0.0">
    <failure type="java.lang.NullPointerException" message="Cannot invoke &amp;quot;org.openqa.selenium.WebDriver.manage()&amp;quot; because &amp;quot;this.driver&amp;quot; is null">
      <![CDATA[java.lang.NullPointerException: Cannot invoke "org.openqa.selenium.WebDriver.manage()" because "this.driver" is null
	at baseComponent.BaseClass.tearDown(BaseClass.java:78)
... Removed 25 stack frames]]>
    </failure>
  </testcase> <!-- @AfterMethod tearDown -->
  <testcase classname="userRegistrationTest.UserReWomenTest" name="@BeforeMethod landingPageUrl" time="0.0">
    <skipped/>
  </testcase> <!-- @BeforeMethod landingPageUrl -->
  <testcase classname="userRegistrationTest.UserReWomenTest" name="@AfterMethod tearDown" time="0.0">
    <failure type="java.lang.NullPointerException" message="Cannot invoke &amp;quot;org.openqa.selenium.WebDriver.manage()&amp;quot; because &amp;quot;this.driver&amp;quot; is null">
      <![CDATA[java.lang.NullPointerException: Cannot invoke "org.openqa.selenium.WebDriver.manage()" because "this.driver" is null
	at baseComponent.BaseClass.tearDown(BaseClass.java:78)
... Removed 25 stack frames]]>
    </failure>
  </testcase> <!-- @AfterMethod tearDown -->
  <testcase classname="userRegistrationTest.UserReWomenTest" name="@BeforeMethod landingPageUrl" time="0.0">
    <skipped/>
  </testcase> <!-- @BeforeMethod landingPageUrl -->
  <testcase classname="userRegistrationTest.UserReWomenTest" name="@AfterMethod tearDown" time="0.0">
    <failure type="java.lang.NullPointerException" message="Cannot invoke &amp;quot;org.openqa.selenium.WebDriver.manage()&amp;quot; because &amp;quot;this.driver&amp;quot; is null">
      <![CDATA[java.lang.NullPointerException: Cannot invoke "org.openqa.selenium.WebDriver.manage()" because "this.driver" is null
	at baseComponent.BaseClass.tearDown(BaseClass.java:78)
... Removed 25 stack frames]]>
    </failure>
  </testcase> <!-- @AfterMethod tearDown -->
  <testcase classname="userRegistrationTest.UserReWomenTest" name="@BeforeMethod landingPageUrl" time="0.0">
    <skipped/>
  </testcase> <!-- @BeforeMethod landingPageUrl -->
  <testcase classname="userRegistrationTest.UserReWomenTest" name="@AfterMethod tearDown" time="0.0">
    <failure type="java.lang.NullPointerException" message="Cannot invoke &amp;quot;org.openqa.selenium.WebDriver.manage()&amp;quot; because &amp;quot;this.driver&amp;quot; is null">
      <![CDATA[java.lang.NullPointerException: Cannot invoke "org.openqa.selenium.WebDriver.manage()" because "this.driver" is null
	at baseComponent.BaseClass.tearDown(BaseClass.java:78)
... Removed 25 stack frames]]>
    </failure>
  </testcase> <!-- @AfterMethod tearDown -->
  <testcase classname="userRegistrationTest.UserReWomenTest" name="@BeforeMethod landingPageUrl" time="0.0">
    <skipped/>
  </testcase> <!-- @BeforeMethod landingPageUrl -->
  <testcase classname="userRegistrationTest.UserReWomenTest" name="@AfterMethod tearDown" time="0.0">
    <failure type="java.lang.NullPointerException" message="Cannot invoke &amp;quot;org.openqa.selenium.WebDriver.manage()&amp;quot; because &amp;quot;this.driver&amp;quot; is null">
      <![CDATA[java.lang.NullPointerException: Cannot invoke "org.openqa.selenium.WebDriver.manage()" because "this.driver" is null
	at baseComponent.BaseClass.tearDown(BaseClass.java:78)
... Removed 25 stack frames]]>
    </failure>
  </testcase> <!-- @AfterMethod tearDown -->
  <testcase classname="userRegistrationTest.UserReWomenTest" name="@BeforeMethod landingPageUrl" time="0.0">
    <skipped/>
  </testcase> <!-- @BeforeMethod landingPageUrl -->
  <testcase classname="userRegistrationTest.UserReWomenTest" name="@AfterMethod tearDown" time="0.0">
    <failure type="java.lang.NullPointerException" message="Cannot invoke &amp;quot;org.openqa.selenium.WebDriver.manage()&amp;quot; because &amp;quot;this.driver&amp;quot; is null">
      <![CDATA[java.lang.NullPointerException: Cannot invoke "org.openqa.selenium.WebDriver.manage()" because "this.driver" is null
	at baseComponent.BaseClass.tearDown(BaseClass.java:78)
... Removed 25 stack frames]]>
    </failure>
  </testcase> <!-- @AfterMethod tearDown -->
  <testcase classname="userRegistrationTest.UserReMenTest" name="@BeforeMethod landingPageUrl" time="0.0">
    <skipped/>
  </testcase> <!-- @BeforeMethod landingPageUrl -->
  <testcase classname="userRegistrationTest.UserReMenTest" name="@AfterMethod tearDown" time="0.0">
    <failure type="java.lang.NullPointerException" message="Cannot invoke &amp;quot;org.openqa.selenium.WebDriver.manage()&amp;quot; because &amp;quot;this.driver&amp;quot; is null">
      <![CDATA[java.lang.NullPointerException: Cannot invoke "org.openqa.selenium.WebDriver.manage()" because "this.driver" is null
	at baseComponent.BaseClass.tearDown(BaseClass.java:78)
... Removed 25 stack frames]]>
    </failure>
  </testcase> <!-- @AfterMethod tearDown -->
  <testcase classname="userRegistrationTest.UserReMenTest" name="@BeforeMethod landingPageUrl" time="0.0">
    <skipped/>
  </testcase> <!-- @BeforeMethod landingPageUrl -->
  <testcase classname="userRegistrationTest.UserReMenTest" name="@AfterMethod tearDown" time="0.0">
    <failure type="java.lang.NullPointerException" message="Cannot invoke &amp;quot;org.openqa.selenium.WebDriver.manage()&amp;quot; because &amp;quot;this.driver&amp;quot; is null">
      <![CDATA[java.lang.NullPointerException: Cannot invoke "org.openqa.selenium.WebDriver.manage()" because "this.driver" is null
	at baseComponent.BaseClass.tearDown(BaseClass.java:78)
... Removed 25 stack frames]]>
    </failure>
  </testcase> <!-- @AfterMethod tearDown -->
  <testcase classname="userRegistrationTest.UserReMenTest" name="@BeforeMethod landingPageUrl" time="0.0">
    <skipped/>
  </testcase> <!-- @BeforeMethod landingPageUrl -->
  <testcase classname="userRegistrationTest.UserReMenTest" name="@AfterMethod tearDown" time="0.0">
    <failure type="java.lang.NullPointerException" message="Cannot invoke &amp;quot;org.openqa.selenium.WebDriver.manage()&amp;quot; because &amp;quot;this.driver&amp;quot; is null">
      <![CDATA[java.lang.NullPointerException: Cannot invoke "org.openqa.selenium.WebDriver.manage()" because "this.driver" is null
	at baseComponent.BaseClass.tearDown(BaseClass.java:78)
... Removed 25 stack frames]]>
    </failure>
  </testcase> <!-- @AfterMethod tearDown -->
  <testcase classname="userRegistrationTest.UserReWomenTest" name="@BeforeMethod landingPageUrl" time="0.0">
    <skipped/>
  </testcase> <!-- @BeforeMethod landingPageUrl -->
  <testcase classname="userRegistrationTest.UserReWomenTest" name="@AfterMethod tearDown" time="0.0">
    <failure type="java.lang.NullPointerException" message="Cannot invoke &amp;quot;org.openqa.selenium.WebDriver.manage()&amp;quot; because &amp;quot;this.driver&amp;quot; is null">
      <![CDATA[java.lang.NullPointerException: Cannot invoke "org.openqa.selenium.WebDriver.manage()" because "this.driver" is null
	at baseComponent.BaseClass.tearDown(BaseClass.java:78)
... Removed 25 stack frames]]>
    </failure>
  </testcase> <!-- @AfterMethod tearDown -->
  <testcase classname="userRegistrationTest.UserReWomenTest" name="@BeforeMethod landingPageUrl" time="0.0">
    <skipped/>
  </testcase> <!-- @BeforeMethod landingPageUrl -->
  <testcase classname="userRegistrationTest.UserReWomenTest" name="@AfterMethod tearDown" time="0.0">
    <failure type="java.lang.NullPointerException" message="Cannot invoke &amp;quot;org.openqa.selenium.WebDriver.manage()&amp;quot; because &amp;quot;this.driver&amp;quot; is null">
      <![CDATA[java.lang.NullPointerException: Cannot invoke "org.openqa.selenium.WebDriver.manage()" because "this.driver" is null
	at baseComponent.BaseClass.tearDown(BaseClass.java:78)
... Removed 25 stack frames]]>
    </failure>
  </testcase> <!-- @AfterMethod tearDown -->
  <testcase classname="userRegistrationTest.UserReWomenTest" name="@BeforeMethod landingPageUrl" time="0.0">
    <skipped/>
  </testcase> <!-- @BeforeMethod landingPageUrl -->
  <testcase classname="userRegistrationTest.UserReWomenTest" name="@AfterMethod tearDown" time="0.0">
    <failure type="java.lang.NullPointerException" message="Cannot invoke &amp;quot;org.openqa.selenium.WebDriver.manage()&amp;quot; because &amp;quot;this.driver&amp;quot; is null">
      <![CDATA[java.lang.NullPointerException: Cannot invoke "org.openqa.selenium.WebDriver.manage()" because "this.driver" is null
	at baseComponent.BaseClass.tearDown(BaseClass.java:78)
... Removed 25 stack frames]]>
    </failure>
  </testcase> <!-- @AfterMethod tearDown -->
  <testcase classname="userRegistrationTest.UserReMenTest" name="InvalidWeihgtKgvegan" time="0.0">
    <skipped/>
  </testcase> <!-- InvalidWeihgtKgvegan -->
  <testcase classname="userRegistrationTest.UserReMenTest" name="invalidWeightLbVegEatAll" time="0.0">
    <skipped/>
  </testcase> <!-- invalidWeightLbVegEatAll -->
  <testcase classname="userRegistrationTest.UserReMenTest" name="registrationMenNonVegNegativeWeightKg" time="0.0">
    <skipped/>
  </testcase> <!-- registrationMenNonVegNegativeWeightKg -->
  <testcase classname="userRegistrationTest.UserReMenTest" name="userRegistrationMenNonVegNegHeightCmPRE" time="0.0">
    <skipped/>
  </testcase> <!-- userRegistrationMenNonVegNegHeightCmPRE -->
  <testcase classname="userRegistrationTest.UserReMenTest" name="userRegistrationMenVegEatAllNegativeWeightLb" time="0.0">
    <skipped/>
  </testcase> <!-- userRegistrationMenVegEatAllNegativeWeightLb -->
  <testcase classname="userRegistrationTest.UserReMenTest" name="userRegistrationMenVegNegCm" time="0.0">
    <skipped/>
  </testcase> <!-- userRegistrationMenVegNegCm -->
  <testcase classname="userRegistrationTest.UserReMenTest" name="userRegistrationMenVeganNegFt" time="0.0">
    <skipped/>
  </testcase> <!-- userRegistrationMenVeganNegFt -->
  <testcase classname="userRegistrationTest.UserReWomenTest" name="InvalidWeihgtKgveganWomen" time="0.0">
    <skipped/>
  </testcase> <!-- InvalidWeihgtKgveganWomen -->
  <testcase classname="userRegistrationTest.UserReWomenTest" name="invalidWeightLbVegEatAllWomen" time="0.0">
    <skipped/>
  </testcase> <!-- invalidWeightLbVegEatAllWomen -->
  <testcase classname="userRegistrationTest.UserReWomenTest" name="registrationWomenNonVegNegativeWeightKg" time="0.0">
    <skipped/>
  </testcase> <!-- registrationWomenNonVegNegativeWeightKg -->
  <testcase classname="userRegistrationTest.UserReWomenTest" name="userRegistratioWomenVegNegCm" time="0.0">
    <skipped/>
  </testcase> <!-- userRegistratioWomenVegNegCm -->
  <testcase classname="userRegistrationTest.UserReWomenTest" name="userRegistrationWomenNonVegNegHeightCmPRE" time="0.0">
    <skipped/>
  </testcase> <!-- userRegistrationWomenNonVegNegHeightCmPRE -->
  <testcase classname="userRegistrationTest.UserReWomenTest" name="userRegistrationWomenVegEatAllNegativeWeightLb" time="0.0">
    <skipped/>
  </testcase> <!-- userRegistrationWomenVegEatAllNegativeWeightLb -->
  <testcase classname="userRegistrationTest.UserReWomenTest" name="userRegistrationWomenVeganNegFtNegative" time="0.001">
    <skipped/>
  </testcase> <!-- userRegistrationWomenVeganNegFtNegative -->
  <testcase classname="userRegistrationTest.UserReMenTest" name="userRegistrationMenNonVeg" time="0.0">
    <skipped/>
  </testcase> <!-- userRegistrationMenNonVeg -->
  <testcase classname="userRegistrationTest.UserReMenTest" name="userRegistrationMenVeg" time="0.0">
    <skipped/>
  </testcase> <!-- userRegistrationMenVeg -->
  <testcase classname="userRegistrationTest.UserReMenTest" name="userRegistrationMenVegan" time="0.0">
    <skipped/>
  </testcase> <!-- userRegistrationMenVegan -->
  <testcase classname="userRegistrationTest.UserReMenTest" name="heightInFtNonVeg" time="0.0">
    <skipped/>
  </testcase> <!-- heightInFtNonVeg -->
  <testcase classname="userRegistrationTest.UserReMenTest" name="heightInFtVeget" time="0.0">
    <skipped/>
  </testcase> <!-- heightInFtVeget -->
  <testcase classname="userRegistrationTest.UserReMenTest" name="heightInFeetvegan" time="0.0">
    <skipped/>
  </testcase> <!-- heightInFeetvegan -->
  <testcase classname="userRegistrationTest.UserReMenTest" name="weightInLbsNonVeg" time="0.0">
    <skipped/>
  </testcase> <!-- weightInLbsNonVeg -->
  <testcase classname="userRegistrationTest.UserReMenTest" name="weightLbsVeget" time="0.0">
    <skipped/>
  </testcase> <!-- weightLbsVeget -->
  <testcase classname="userRegistrationTest.UserReMenTest" name="weightLbsVegan" time="0.0">
    <skipped/>
  </testcase> <!-- weightLbsVegan -->
  <testcase classname="userRegistrationTest.UserReMenTest" name="userWithBlankdEmaiIdMen" time="0.0">
    <skipped/>
  </testcase> <!-- userWithBlankdEmaiIdMen -->
  <testcase classname="userRegistrationTest.UserReMenTest" name="withoutFakeruserRegistrationMenNonVeg" time="0.0">
    <skipped/>
  </testcase> <!-- withoutFakeruserRegistrationMenNonVeg -->
  <testcase classname="userRegistrationTest.UserReMenTest" name="userRegistrationMenVegwitoutFaker" time="0.0">
    <skipped/>
  </testcase> <!-- userRegistrationMenVegwitoutFaker -->
  <testcase classname="userRegistrationTest.UserReMenTest" name="witoutFakeruserRegistrationMenVegan" time="0.0">
    <skipped/>
  </testcase> <!-- witoutFakeruserRegistrationMenVegan -->
  <testcase classname="userRegistrationTest.UserReWomenTest" name="userRegistrationWoMenNonVeg" time="0.0">
    <skipped/>
  </testcase> <!-- userRegistrationWoMenNonVeg -->
  <testcase classname="userRegistrationTest.UserReWomenTest" name="userRegistrationWoMenVeg" time="0.0">
    <skipped/>
  </testcase> <!-- userRegistrationWoMenVeg -->
  <testcase classname="userRegistrationTest.UserReWomenTest" name="userRegistrationWoMenVegan" time="0.0">
    <skipped/>
  </testcase> <!-- userRegistrationWoMenVegan -->
  <testcase classname="userRegistrationTest.UserReWomenTest" name="heightInFtNonVegWomen" time="0.0">
    <skipped/>
  </testcase> <!-- heightInFtNonVegWomen -->
  <testcase classname="userRegistrationTest.UserReWomenTest" name="heightInFtVegetWomen" time="0.0">
    <skipped/>
  </testcase> <!-- heightInFtVegetWomen -->
  <testcase classname="userRegistrationTest.UserReWomenTest" name="heightInFeetveganWomen" time="0.0">
    <skipped/>
  </testcase> <!-- heightInFeetveganWomen -->
  <testcase classname="userRegistrationTest.UserReWomenTest" name="weightInLbsNonVegWomen" time="0.0">
    <skipped/>
  </testcase> <!-- weightInLbsNonVegWomen -->
  <testcase classname="userRegistrationTest.UserReWomenTest" name="weightLbsVegetWomen" time="0.0">
    <skipped/>
  </testcase> <!-- weightLbsVegetWomen -->
  <testcase classname="userRegistrationTest.UserReWomenTest" name="weightLbsVeganWomen" time="0.0">
    <skipped/>
  </testcase> <!-- weightLbsVeganWomen -->
  <testcase classname="userRegistrationTest.UserReWomenTest" name="userWithBlankdEmaiIdWomen" time="0.0">
    <skipped/>
  </testcase> <!-- userWithBlankdEmaiIdWomen -->
  <testcase classname="userRegistrationTest.UserReWomenTest" name="withoutFakeruserRegistrationMenNonVegWomen" time="0.0">
    <skipped/>
  </testcase> <!-- withoutFakeruserRegistrationMenNonVegWomen -->
  <testcase classname="userRegistrationTest.UserReWomenTest" name="userRegistrationWoMenVegwitoutFaker" time="0.0">
    <skipped/>
  </testcase> <!-- userRegistrationWoMenVegwitoutFaker -->
  <testcase classname="userRegistrationTest.UserReWomenTest" name="witoutFakeruserRegistrationWoMenVegan" time="0.0">
    <skipped/>
  </testcase> <!-- witoutFakeruserRegistrationWoMenVegan -->
  <testcase classname="userRegistrationTest.UserReMenTest" name="userRegistrationMenNonVegEatAll" time="0.0">
    <skipped/>
  </testcase> <!-- userRegistrationMenNonVegEatAll -->
  <testcase classname="userRegistrationTest.UserReMenTest" name="userRegistrationMenVegEatAll" time="0.0">
    <skipped/>
  </testcase> <!-- userRegistrationMenVegEatAll -->
  <testcase classname="userRegistrationTest.UserReMenTest" name="userRegistrationMenVeganEatAll" time="0.0">
    <skipped/>
  </testcase> <!-- userRegistrationMenVeganEatAll -->
  <testcase classname="userRegistrationTest.UserReWomenTest" name="userRegistrationWomenNonVegEatAll" time="0.0">
    <skipped/>
  </testcase> <!-- userRegistrationWomenNonVegEatAll -->
  <testcase classname="userRegistrationTest.UserReWomenTest" name="userRegistrationWomenVegEatAll" time="0.0">
    <skipped/>
  </testcase> <!-- userRegistrationWomenVegEatAll -->
  <testcase classname="userRegistrationTest.UserReWomenTest" name="userRegistrationWomenVeganEatAll" time="0.0">
    <skipped/>
  </testcase> <!-- userRegistrationWomenVeganEatAll -->
</testsuite> <!-- FirefoxTest -->
