<?xml version="1.0" encoding="UTF-8"?>
<testng-results total="4" passed="4" failed="0" skipped="0">
  <reporter-output>
  </reporter-output>
  <suite started-at="2024-08-29T11:33:33Z" name="Suite" finished-at="2024-08-29T11:39:38Z" duration-ms="365103">
    <groups>
      <group name="country">
        <method signature="SubDomainsTest.aus()[pri:0, instance:userRegistrationTest.SubDomainsTest@673fdbce]" name="aus" class="userRegistrationTest.SubDomainsTest"/>
        <method signature="SubDomainsTest.ca()[pri:0, instance:userRegistrationTest.SubDomainsTest@673fdbce]" name="ca" class="userRegistrationTest.SubDomainsTest"/>
        <method signature="SubDomainsTest.uk()[pri:0, instance:userRegistrationTest.SubDomainsTest@673fdbce]" name="uk" class="userRegistrationTest.SubDomainsTest"/>
        <method signature="SubDomainsTest.usa()[pri:0, instance:userRegistrationTest.SubDomainsTest@673fdbce]" name="usa" class="userRegistrationTest.SubDomainsTest"/>
      </group> <!-- country -->
    </groups>
    <test started-at="2024-08-29T11:33:33Z" name="Test" finished-at="2024-08-29T11:39:38Z" duration-ms="365103">
      <class name="userRegistrationTest.SubDomainsTest">
        <test-method is-config="true" signature="landingPageUrl()[pri:0, instance:userRegistrationTest.SubDomainsTest@673fdbce]" started-at="2024-08-29T17:03:33Z" name="landingPageUrl" finished-at="2024-08-29T17:03:46Z" duration-ms="13835" status="PASS">
          <reporter-output>
          </reporter-output>
        </test-method> <!-- landingPageUrl -->
        <test-method signature="aus()[pri:0, instance:userRegistrationTest.SubDomainsTest@673fdbce]" started-at="2024-08-29T17:03:46Z" name="aus" finished-at="2024-08-29T17:05:04Z" duration-ms="77474" status="PASS">
          <reporter-output>
          </reporter-output>
        </test-method> <!-- aus -->
        <test-method is-config="true" signature="tearDown()[pri:0, instance:userRegistrationTest.SubDomainsTest@673fdbce]" started-at="2024-08-29T17:05:04Z" name="tearDown" finished-at="2024-08-29T17:05:04Z" duration-ms="130" status="PASS">
          <reporter-output>
          </reporter-output>
        </test-method> <!-- tearDown -->
        <test-method is-config="true" signature="landingPageUrl()[pri:0, instance:userRegistrationTest.SubDomainsTest@673fdbce]" started-at="2024-08-29T17:05:04Z" name="landingPageUrl" finished-at="2024-08-29T17:05:19Z" duration-ms="14973" status="PASS">
          <reporter-output>
          </reporter-output>
        </test-method> <!-- landingPageUrl -->
        <test-method signature="ca()[pri:0, instance:userRegistrationTest.SubDomainsTest@673fdbce]" started-at="2024-08-29T17:05:19Z" name="ca" finished-at="2024-08-29T17:06:34Z" duration-ms="74932" status="PASS">
          <reporter-output>
          </reporter-output>
        </test-method> <!-- ca -->
        <test-method is-config="true" signature="tearDown()[pri:0, instance:userRegistrationTest.SubDomainsTest@673fdbce]" started-at="2024-08-29T17:06:34Z" name="tearDown" finished-at="2024-08-29T17:06:34Z" duration-ms="135" status="PASS">
          <reporter-output>
          </reporter-output>
        </test-method> <!-- tearDown -->
        <test-method is-config="true" signature="landingPageUrl()[pri:0, instance:userRegistrationTest.SubDomainsTest@673fdbce]" started-at="2024-08-29T17:06:34Z" name="landingPageUrl" finished-at="2024-08-29T17:06:49Z" duration-ms="15048" status="PASS">
          <reporter-output>
          </reporter-output>
        </test-method> <!-- landingPageUrl -->
        <test-method signature="uk()[pri:0, instance:userRegistrationTest.SubDomainsTest@673fdbce]" started-at="2024-08-29T17:06:49Z" name="uk" finished-at="2024-08-29T17:08:02Z" duration-ms="72852" status="PASS">
          <reporter-output>
          </reporter-output>
        </test-method> <!-- uk -->
        <test-method is-config="true" signature="tearDown()[pri:0, instance:userRegistrationTest.SubDomainsTest@673fdbce]" started-at="2024-08-29T17:08:02Z" name="tearDown" finished-at="2024-08-29T17:08:02Z" duration-ms="130" status="PASS">
          <reporter-output>
          </reporter-output>
        </test-method> <!-- tearDown -->
        <test-method is-config="true" signature="landingPageUrl()[pri:0, instance:userRegistrationTest.SubDomainsTest@673fdbce]" started-at="2024-08-29T17:08:02Z" name="landingPageUrl" finished-at="2024-08-29T17:08:16Z" duration-ms="13885" status="PASS">
          <reporter-output>
          </reporter-output>
        </test-method> <!-- landingPageUrl -->
        <test-method signature="usa()[pri:0, instance:userRegistrationTest.SubDomainsTest@673fdbce]" started-at="2024-08-29T17:08:16Z" name="usa" finished-at="2024-08-29T17:09:37Z" duration-ms="81430" status="PASS">
          <reporter-output>
          </reporter-output>
        </test-method> <!-- usa -->
        <test-method is-config="true" signature="tearDown()[pri:0, instance:userRegistrationTest.SubDomainsTest@673fdbce]" started-at="2024-08-29T17:09:37Z" name="tearDown" finished-at="2024-08-29T17:09:38Z" duration-ms="143" status="PASS">
          <reporter-output>
          </reporter-output>
        </test-method> <!-- tearDown -->
      </class> <!-- userRegistrationTest.SubDomainsTest -->
    </test> <!-- Test -->
  </suite> <!-- Suite -->
</testng-results>
